# JRE version: OpenJDK Runtime Environment (8.0_242-b01) (build 1.8.0_242-release-1644-b01)
# Java VM: OpenJDK 64-Bit Server VM (25.242-b01 mixed mode windows-amd64 compressed oops)
Heap:
 PSYoungGen      total 117248K, used 35808K [0x00000000d5580000, 0x00000000dd400000, 0x0000000100000000)
  eden space 105984K, 24% used [0x00000000d5580000,0x00000000d6f54d00,0x00000000dbd00000)
  from space 11264K, 83% used [0x00000000dc900000,0x00000000dd223320,0x00000000dd400000)
  to   space 11776K, 0% used [0x00000000dbd00000,0x00000000dbd00000,0x00000000dc880000)
 ParOldGen       total 93696K, used 7683K [0x0000000080000000, 0x0000000085b80000, 0x00000000d5580000)
  object space 93696K, 8% used [0x0000000080000000,0x0000000080780cc0,0x0000000085b80000)
 Metaspace       used 34040K, capacity 35232K, committed 35416K, reserved 1079296K
  class space    used 4664K, capacity 4941K, committed 4992K, reserved 1048576K
GC Heap History (10 events):
Event: 2.284 GC heap before
{Heap before GC invocations=3 (full 0):
 PSYoungGen      total 74240K, used 73046K [0x00000000d5580000, 0x00000000da800000, 0x0000000100000000)
  eden space 64000K, 100% used [0x00000000d5580000,0x00000000d9400000,0x00000000d9400000)
  from space 10240K, 88% used [0x00000000d9e00000,0x00000000da6d59b0,0x00000000da800000)
  to   space 10240K, 0% used [0x00000000d9400000,0x00000000d9400000,0x00000000d9e00000)
 ParOldGen       total 169472K, used 24K [0x0000000080000000, 0x000000008a580000, 0x00000000d5580000)
  object space 169472K, 0% used [0x0000000080000000,0x0000000080006000,0x000000008a580000)
 Metaspace       used 19703K, capacity 20410K, committed 20608K, reserved 1067008K
  class space    used 2730K, capacity 2913K, committed 2944K, reserved 1048576K
Event: 2.290 GC heap after
Heap after GC invocations=3 (full 0):
 PSYoungGen      total 74240K, used 10230K [0x00000000d5580000, 0x00000000da800000, 0x0000000100000000)
  eden space 64000K, 0% used [0x00000000d5580000,0x00000000d5580000,0x00000000d9400000)
  from space 10240K, 99% used [0x00000000d9400000,0x00000000d9dfda30,0x00000000d9e00000)
  to   space 10240K, 0% used [0x00000000d9e00000,0x00000000d9e00000,0x00000000da800000)
 ParOldGen       total 169472K, used 1399K [0x0000000080000000, 0x000000008a580000, 0x00000000d5580000)
  object space 169472K, 0% used [0x0000000080000000,0x000000008015df40,0x000000008a580000)
 Metaspace       used 19703K, capacity 20410K, committed 20608K, reserved 1067008K
  class space    used 2730K, capacity 2913K, committed 2944K, reserved 1048576K
}
Event: 2.363 GC heap before
{Heap before GC invocations=4 (full 0):
 PSYoungGen      total 74240K, used 22260K [0x00000000d5580000, 0x00000000da800000, 0x0000000100000000)
  eden space 64000K, 18% used [0x00000000d5580000,0x00000000d613f948,0x00000000d9400000)
  from space 10240K, 99% used [0x00000000d9400000,0x00000000d9dfda30,0x00000000d9e00000)
  to   space 10240K, 0% used [0x00000000d9e00000,0x00000000d9e00000,0x00000000da800000)
 ParOldGen       total 169472K, used 1399K [0x0000000080000000, 0x000000008a580000, 0x00000000d5580000)
  object space 169472K, 0% used [0x0000000080000000,0x000000008015df40,0x000000008a580000)
 Metaspace       used 20534K, capacity 21204K, committed 21248K, reserved 1067008K
  class space    used 2862K, capacity 3048K, committed 3072K, reserved 1048576K
Event: 2.367 GC heap after
Heap after GC invocations=4 (full 0):
 PSYoungGen      total 74240K, used 7901K [0x00000000d5580000, 0x00000000da800000, 0x0000000100000000)
  eden space 64000K, 0% used [0x00000000d5580000,0x00000000d5580000,0x00000000d9400000)
  from space 10240K, 77% used [0x00000000d9e00000,0x00000000da5b7468,0x00000000da800000)
  to   space 10240K, 0% used [0x00000000d9400000,0x00000000d9400000,0x00000000d9e00000)
 ParOldGen       total 169472K, used 1407K [0x0000000080000000, 0x000000008a580000, 0x00000000d5580000)
  object space 169472K, 0% used [0x0000000080000000,0x000000008015ff40,0x000000008a580000)
 Metaspace       used 20534K, capacity 21204K, committed 21248K, reserved 1067008K
  class space    used 2862K, capacity 3048K, committed 3072K, reserved 1048576K
}
Event: 2.367 GC heap before
{Heap before GC invocations=5 (full 1):
 PSYoungGen      total 74240K, used 7901K [0x00000000d5580000, 0x00000000da800000, 0x0000000100000000)
  eden space 64000K, 0% used [0x00000000d5580000,0x00000000d5580000,0x00000000d9400000)
  from space 10240K, 77% used [0x00000000d9e00000,0x00000000da5b7468,0x00000000da800000)
  to   space 10240K, 0% used [0x00000000d9400000,0x00000000d9400000,0x00000000d9e00000)
 ParOldGen       total 169472K, used 1407K [0x0000000080000000, 0x000000008a580000, 0x00000000d5580000)
  object space 169472K, 0% used [0x0000000080000000,0x000000008015ff40,0x000000008a580000)
 Metaspace       used 20534K, capacity 21204K, committed 21248K, reserved 1067008K
  class space    used 2862K, capacity 3048K, committed 3072K, reserved 1048576K
Event: 2.388 GC heap after
Heap after GC invocations=5 (full 1):
 PSYoungGen      total 74240K, used 0K [0x00000000d5580000, 0x00000000da800000, 0x0000000100000000)
  eden space 64000K, 0% used [0x00000000d5580000,0x00000000d5580000,0x00000000d9400000)
  from space 10240K, 0% used [0x00000000d9e00000,0x00000000d9e00000,0x00000000da800000)
  to   space 10240K, 0% used [0x00000000d9400000,0x00000000d9400000,0x00000000d9e00000)
 ParOldGen       total 93696K, used 7667K [0x0000000080000000, 0x0000000085b80000, 0x00000000d5580000)
  object space 93696K, 8% used [0x0000000080000000,0x000000008077ccc0,0x0000000085b80000)
 Metaspace       used 20534K, capacity 21204K, committed 21248K, reserved 1067008K
  class space    used 2862K, capacity 3048K, committed 3072K, reserved 1048576K
}
Event: 3.002 GC heap before
{Heap before GC invocations=6 (full 1):
 PSYoungGen      total 74240K, used 64000K [0x00000000d5580000, 0x00000000da800000, 0x0000000100000000)
  eden space 64000K, 100% used [0x00000000d5580000,0x00000000d9400000,0x00000000d9400000)
  from space 10240K, 0% used [0x00000000d9e00000,0x00000000d9e00000,0x00000000da800000)
  to   space 10240K, 0% used [0x00000000d9400000,0x00000000d9400000,0x00000000d9e00000)
 ParOldGen       total 93696K, used 7667K [0x0000000080000000, 0x0000000085b80000, 0x00000000d5580000)
  object space 93696K, 8% used [0x0000000080000000,0x000000008077ccc0,0x0000000085b80000)
 Metaspace       used 28466K, capacity 29354K, committed 29568K, reserved 1075200K
  class space    used 3933K, capacity 4159K, committed 4224K, reserved 1048576K
Event: 3.009 GC heap after
Heap after GC invocations=6 (full 1):
 PSYoungGen      total 74240K, used 8264K [0x00000000d5580000, 0x00000000dd480000, 0x0000000100000000)
  eden space 64000K, 0% used [0x00000000d5580000,0x00000000d5580000,0x00000000d9400000)
  from space 10240K, 80% used [0x00000000d9400000,0x00000000d9c12180,0x00000000d9e00000)
  to   space 11776K, 0% used [0x00000000dc900000,0x00000000dc900000,0x00000000dd480000)
 ParOldGen       total 93696K, used 7675K [0x0000000080000000, 0x0000000085b80000, 0x00000000d5580000)
  object space 93696K, 8% used [0x0000000080000000,0x000000008077ecc0,0x0000000085b80000)
 Metaspace       used 28466K, capacity 29354K, committed 29568K, reserved 1075200K
  class space    used 3933K, capacity 4159K, committed 4224K, reserved 1048576K
}
Event: 3.429 GC heap before
{Heap before GC invocations=7 (full 1):
 PSYoungGen      total 74240K, used 72264K [0x00000000d5580000, 0x00000000dd480000, 0x0000000100000000)
  eden space 64000K, 100% used [0x00000000d5580000,0x00000000d9400000,0x00000000d9400000)
  from space 10240K, 80% used [0x00000000d9400000,0x00000000d9c12180,0x00000000d9e00000)
  to   space 11776K, 0% used [0x00000000dc900000,0x00000000dc900000,0x00000000dd480000)
 ParOldGen       total 93696K, used 7675K [0x0000000080000000, 0x0000000085b80000, 0x00000000d5580000)
  object space 93696K, 8% used [0x0000000080000000,0x000000008077ecc0,0x0000000085b80000)
 Metaspace       used 32719K, capacity 33782K, committed 33920K, reserved 1079296K
  class space    used 4457K, capacity 4723K, committed 4736K, reserved 1048576K
Event: 3.435 GC heap after
Heap after GC invocations=7 (full 1):
 PSYoungGen      total 117248K, used 9356K [0x00000000d5580000, 0x00000000dd400000, 0x0000000100000000)
  eden space 105984K, 0% used [0x00000000d5580000,0x00000000d5580000,0x00000000dbd00000)
  from space 11264K, 83% used [0x00000000dc900000,0x00000000dd223320,0x00000000dd400000)
  to   space 11776K, 0% used [0x00000000dbd00000,0x00000000dbd00000,0x00000000dc880000)
 ParOldGen       total 93696K, used 7683K [0x0000000080000000, 0x0000000085b80000, 0x00000000d5580000)
  object space 93696K, 8% used [0x0000000080000000,0x0000000080780cc0,0x0000000085b80000)
 Metaspace       used 32719K, capacity 33782K, committed 33920K, reserved 1079296K
  class space    used 4457K, capacity 4723K, committed 4736K, reserved 1048576K
}

