# JRE version: OpenJDK Runtime Environment (8.0_242-b01) (build 1.8.0_242-release-1644-b01)
# Java VM: OpenJDK 64-Bit Server VM (25.242-b01 mixed mode windows-amd64 compressed oops)
Heap:
 PSYoungGen      total 258560K, used 195590K [0x00000000d5580000, 0x00000000ea480000, 0x0000000100000000)
  eden space 239616K, 81% used [0x00000000d5580000,0x00000000e1481ba0,0x00000000e3f80000)
  from space 18944K, 0% used [0x00000000e5180000,0x00000000e5180000,0x00000000e6400000)
  to   space 18432K, 0% used [0x00000000e3f80000,0x00000000e3f80000,0x00000000e5180000)
 ParOldGen       total 168448K, used 31742K [0x0000000080000000, 0x000000008a480000, 0x00000000d5580000)
  object space 168448K, 18% used [0x0000000080000000,0x0000000081effb60,0x000000008a480000)
 Metaspace       used 64973K, capacity 67972K, committed 68184K, reserved 1107968K
  class space    used 8956K, capacity 9531K, committed 9600K, reserved 1048576K
GC Heap History (10 events):
Event: 16.398 GC heap before
{Heap before GC invocations=9 (full 2):
 PSYoungGen      total 131072K, used 8265K [0x00000000d5580000, 0x00000000e4880000, 0x0000000100000000)
  eden space 119296K, 0% used [0x00000000d5580000,0x00000000d5580000,0x00000000dca00000)
  from space 11776K, 70% used [0x00000000dca00000,0x00000000dd2127d8,0x00000000dd580000)
  to   space 11776K, 0% used [0x00000000e3d00000,0x00000000e3d00000,0x00000000e4880000)
 ParOldGen       total 80384K, used 7678K [0x0000000080000000, 0x0000000084e80000, 0x00000000d5580000)
  object space 80384K, 9% used [0x0000000080000000,0x000000008077f848,0x0000000084e80000)
 Metaspace       used 34232K, capacity 35392K, committed 35416K, reserved 1079296K
  class space    used 4702K, capacity 4973K, committed 4992K, reserved 1048576K
Event: 16.429 GC heap after
Heap after GC invocations=9 (full 2):
 PSYoungGen      total 131072K, used 0K [0x00000000d5580000, 0x00000000e4880000, 0x0000000100000000)
  eden space 119296K, 0% used [0x00000000d5580000,0x00000000d5580000,0x00000000dca00000)
  from space 11776K, 0% used [0x00000000dca00000,0x00000000dca00000,0x00000000dd580000)
  to   space 11776K, 0% used [0x00000000e3d00000,0x00000000e3d00000,0x00000000e4880000)
 ParOldGen       total 116224K, used 14840K [0x0000000080000000, 0x0000000087180000, 0x00000000d5580000)
  object space 116224K, 12% used [0x0000000080000000,0x0000000080e7e270,0x0000000087180000)
 Metaspace       used 34232K, capacity 35392K, committed 35416K, reserved 1079296K
  class space    used 4702K, capacity 4973K, committed 4992K, reserved 1048576K
}
Event: 20.055 GC heap before
{Heap before GC invocations=10 (full 2):
 PSYoungGen      total 131072K, used 119296K [0x00000000d5580000, 0x00000000e4880000, 0x0000000100000000)
  eden space 119296K, 100% used [0x00000000d5580000,0x00000000dca00000,0x00000000dca00000)
  from space 11776K, 0% used [0x00000000dca00000,0x00000000dca00000,0x00000000dd580000)
  to   space 11776K, 0% used [0x00000000e3d00000,0x00000000e3d00000,0x00000000e4880000)
 ParOldGen       total 116224K, used 14840K [0x0000000080000000, 0x0000000087180000, 0x00000000d5580000)
  object space 116224K, 12% used [0x0000000080000000,0x0000000080e7e270,0x0000000087180000)
 Metaspace       used 38030K, capacity 39856K, committed 39896K, reserved 1083392K
  class space    used 5234K, capacity 5596K, committed 5632K, reserved 1048576K
Event: 20.060 GC heap after
Heap after GC invocations=10 (full 2):
 PSYoungGen      total 192000K, used 8678K [0x00000000d5580000, 0x00000000e4580000, 0x0000000100000000)
  eden space 183296K, 0% used [0x00000000d5580000,0x00000000d5580000,0x00000000e0880000)
  from space 8704K, 99% used [0x00000000e3d00000,0x00000000e4579ac8,0x00000000e4580000)
  to   space 11264K, 0% used [0x00000000e2f80000,0x00000000e2f80000,0x00000000e3a80000)
 ParOldGen       total 116224K, used 14848K [0x0000000080000000, 0x0000000087180000, 0x00000000d5580000)
  object space 116224K, 12% used [0x0000000080000000,0x0000000080e80270,0x0000000087180000)
 Metaspace       used 38030K, capacity 39856K, committed 39896K, reserved 1083392K
  class space    used 5234K, capacity 5596K, committed 5632K, reserved 1048576K
}
Event: 22.085 GC heap before
{Heap before GC invocations=11 (full 2):
 PSYoungGen      total 192000K, used 191974K [0x00000000d5580000, 0x00000000e4580000, 0x0000000100000000)
  eden space 183296K, 100% used [0x00000000d5580000,0x00000000e0880000,0x00000000e0880000)
  from space 8704K, 99% used [0x00000000e3d00000,0x00000000e4579ac8,0x00000000e4580000)
  to   space 11264K, 0% used [0x00000000e2f80000,0x00000000e2f80000,0x00000000e3a80000)
 ParOldGen       total 116224K, used 14848K [0x0000000080000000, 0x0000000087180000, 0x00000000d5580000)
  object space 116224K, 12% used [0x0000000080000000,0x0000000080e80270,0x0000000087180000)
 Metaspace       used 54992K, capacity 57306K, committed 57432K, reserved 1099776K
  class space    used 7489K, capacity 7958K, committed 8064K, reserved 1048576K
Event: 22.099 GC heap after
Heap after GC invocations=11 (full 2):
 PSYoungGen      total 234496K, used 11232K [0x00000000d5580000, 0x00000000e6400000, 0x0000000100000000)
  eden space 223232K, 0% used [0x00000000d5580000,0x00000000d5580000,0x00000000e2f80000)
  from space 11264K, 99% used [0x00000000e2f80000,0x00000000e3a78030,0x00000000e3a80000)
  to   space 18944K, 0% used [0x00000000e5180000,0x00000000e5180000,0x00000000e6400000)
 ParOldGen       total 116224K, used 31637K [0x0000000080000000, 0x0000000087180000, 0x00000000d5580000)
  object space 116224K, 27% used [0x0000000080000000,0x0000000081ee5740,0x0000000087180000)
 Metaspace       used 54992K, capacity 57306K, committed 57432K, reserved 1099776K
  class space    used 7489K, capacity 7958K, committed 8064K, reserved 1048576K
}
Event: 22.327 GC heap before
{Heap before GC invocations=12 (full 2):
 PSYoungGen      total 234496K, used 37286K [0x00000000d5580000, 0x00000000e6400000, 0x0000000100000000)
  eden space 223232K, 11% used [0x00000000d5580000,0x00000000d6ef1ad0,0x00000000e2f80000)
  from space 11264K, 99% used [0x00000000e2f80000,0x00000000e3a78030,0x00000000e3a80000)
  to   space 18944K, 0% used [0x00000000e5180000,0x00000000e5180000,0x00000000e6400000)
 ParOldGen       total 116224K, used 31637K [0x0000000080000000, 0x0000000087180000, 0x00000000d5580000)
  object space 116224K, 27% used [0x0000000080000000,0x0000000081ee5740,0x0000000087180000)
 Metaspace       used 56560K, capacity 58990K, committed 59028K, reserved 1099776K
  class space    used 7741K, capacity 8192K, committed 8192K, reserved 1048576K
Event: 22.336 GC heap after
Heap after GC invocations=12 (full 2):
 PSYoungGen      total 258560K, used 9156K [0x00000000d5580000, 0x00000000ea480000, 0x0000000100000000)
  eden space 239616K, 0% used [0x00000000d5580000,0x00000000d5580000,0x00000000e3f80000)
  from space 18944K, 48% used [0x00000000e5180000,0x00000000e5a71330,0x00000000e6400000)
  to   space 18432K, 0% used [0x00000000e3f80000,0x00000000e3f80000,0x00000000e5180000)
 ParOldGen       total 116224K, used 35976K [0x0000000080000000, 0x0000000087180000, 0x00000000d5580000)
  object space 116224K, 30% used [0x0000000080000000,0x0000000082322050,0x0000000087180000)
 Metaspace       used 56560K, capacity 58990K, committed 59028K, reserved 1099776K
  class space    used 7741K, capacity 8192K, committed 8192K, reserved 1048576K
}
Event: 22.336 GC heap before
{Heap before GC invocations=13 (full 3):
 PSYoungGen      total 258560K, used 9156K [0x00000000d5580000, 0x00000000ea480000, 0x0000000100000000)
  eden space 239616K, 0% used [0x00000000d5580000,0x00000000d5580000,0x00000000e3f80000)
  from space 18944K, 48% used [0x00000000e5180000,0x00000000e5a71330,0x00000000e6400000)
  to   space 18432K, 0% used [0x00000000e3f80000,0x00000000e3f80000,0x00000000e5180000)
 ParOldGen       total 116224K, used 35976K [0x0000000080000000, 0x0000000087180000, 0x00000000d5580000)
  object space 116224K, 30% used [0x0000000080000000,0x0000000082322050,0x0000000087180000)
 Metaspace       used 56560K, capacity 58990K, committed 59028K, reserved 1099776K
  class space    used 7741K, capacity 8192K, committed 8192K, reserved 1048576K
Event: 22.505 GC heap after
Heap after GC invocations=13 (full 3):
 PSYoungGen      total 258560K, used 0K [0x00000000d5580000, 0x00000000ea480000, 0x0000000100000000)
  eden space 239616K, 0% used [0x00000000d5580000,0x00000000d5580000,0x00000000e3f80000)
  from space 18944K, 0% used [0x00000000e5180000,0x00000000e5180000,0x00000000e6400000)
  to   space 18432K, 0% used [0x00000000e3f80000,0x00000000e3f80000,0x00000000e5180000)
 ParOldGen       total 168448K, used 31742K [0x0000000080000000, 0x000000008a480000, 0x00000000d5580000)
  object space 168448K, 18% used [0x0000000080000000,0x0000000081effb60,0x000000008a480000)
 Metaspace       used 56511K, capacity 58828K, committed 59028K, reserved 1099776K
  class space    used 7726K, capacity 8165K, committed 8192K, reserved 1048576K
}

